<?xml version="1.0" encoding="UTF-8"?>
<testng-results ignored="0" total="3" passed="3" failed="0" skipped="0">
  <reporter-output>
  </reporter-output>
  <suite started-at="2023-10-12T12:32:14 EDT" name="Suite1" finished-at="2023-10-12T12:32:38 EDT" duration-ms="24405">
    <groups>
      <group name="cucumber">
        <method signature="AbstractTestNGCucumberTests.runScenario(io.cucumber.testng.PickleWrapper,io.cucumber.testng.FeatureWrapper)[pri:0, instance:runner.TestRunner@32502377]" name="runScenario" class="io.cucumber.testng.AbstractTestNGCucumberTests"/>
      </group> <!-- cucumber -->
    </groups>
    <test started-at="2023-10-12T12:32:14 EDT" name="Nopackage" finished-at="2023-10-12T12:32:38 EDT" duration-ms="24405">
      <class name="runner.TestRunner">
        <test-method is-config="true" signature="setUpClass(org.testng.ITestContext)[pri:0, instance:runner.TestRunner@32502377]" started-at="2023-10-12T12:32:14 EDT" name="setUpClass" finished-at="2023-10-12T12:32:14 EDT" duration-ms="233" status="PASS">
          <params>
            <param index="0">
              <value>
                <![CDATA[org.testng.TestRunner@7d2998d8]]>
              </value>
            </param>
          </params>
          <reporter-output>
          </reporter-output>
        </test-method> <!-- setUpClass -->
        <test-method signature="runScenario(io.cucumber.testng.PickleWrapper,io.cucumber.testng.FeatureWrapper)[pri:0, instance:runner.TestRunner@32502377]" started-at="2023-10-12T12:32:14 EDT" name="runScenario" description="Runs Cucumber Scenarios" data-provider="scenarios" finished-at="2023-10-12T12:32:31 EDT" duration-ms="16544" status="PASS">
          <params>
            <param index="0">
              <value>
                <![CDATA["searching products in yahoo"]]>
              </value>
            </param>
            <param index="1">
              <value>
                <![CDATA["searching products"]]>
              </value>
            </param>
          </params>
          <reporter-output>
          </reporter-output>
        </test-method> <!-- runScenario -->
        <test-method signature="runScenario(io.cucumber.testng.PickleWrapper,io.cucumber.testng.FeatureWrapper)[pri:0, instance:runner.TestRunner@32502377]" started-at="2023-10-12T12:32:31 EDT" name="runScenario" description="Runs Cucumber Scenarios" data-provider="scenarios" finished-at="2023-10-12T12:32:33 EDT" duration-ms="2655" status="PASS">
          <params>
            <param index="0">
              <value>
                <![CDATA["searching products in yahoo"]]>
              </value>
            </param>
            <param index="1">
              <value>
                <![CDATA["searching products"]]>
              </value>
            </param>
          </params>
          <reporter-output>
          </reporter-output>
        </test-method> <!-- runScenario -->
        <test-method signature="runScenario(io.cucumber.testng.PickleWrapper,io.cucumber.testng.FeatureWrapper)[pri:0, instance:runner.TestRunner@32502377]" started-at="2023-10-12T12:32:33 EDT" name="runScenario" description="Runs Cucumber Scenarios" data-provider="scenarios" finished-at="2023-10-12T12:32:38 EDT" duration-ms="4929" status="PASS">
          <params>
            <param index="0">
              <value>
                <![CDATA["searching products in yahoo"]]>
              </value>
            </param>
            <param index="1">
              <value>
                <![CDATA["searching products"]]>
              </value>
            </param>
          </params>
          <reporter-output>
          </reporter-output>
        </test-method> <!-- runScenario -->
        <test-method is-config="true" signature="tearDownClass()[pri:0, instance:runner.TestRunner@32502377]" started-at="2023-10-12T12:32:38 EDT" name="tearDownClass" finished-at="2023-10-12T12:32:38 EDT" duration-ms="11" status="PASS">
          <reporter-output>
          </reporter-output>
        </test-method> <!-- tearDownClass -->
      </class> <!-- runner.TestRunner -->
    </test> <!-- Nopackage -->
  </suite> <!-- Suite1 -->
</testng-results>
