<?xml version="1.0" encoding="UTF-8"?>
<!-- Generated by org.testng.reporters.JUnitXMLReporter -->
<testsuite ignored="0" hostname="syed" failures="0" tests="3" name="Nopackage" time="24.405" errors="0" timestamp="2023-10-12T12:32:38 EDT">
  <testcase classname="io.cucumber.testng.AbstractTestNGCucumberTests" name="runScenario" time="16.544"/>
  <testcase classname="io.cucumber.testng.AbstractTestNGCucumberTests" name="runScenario" time="2.655"/>
  <testcase classname="io.cucumber.testng.AbstractTestNGCucumberTests" name="runScenario" time="4.929"/>
</testsuite> <!-- Nopackage -->
